<?xml version="1.0" encoding="UTF-8"?>
<!-- Generated by org.testng.reporters.JUnitXMLReporter -->
<testsuite ignored="0" hostname="LAPTOP-UAN68A53" failures="0" tests="4" name="firstTest" time="32.833" errors="0" timestamp="2022-11-18T13:08:25 PST">
  <testcase classname="EndtoEnd.standalone" name="Mainordersubmit" time="10.8"/>
  <testcase classname="EndtoEnd.standalone" name="Mainordersubmit" time="8.842"/>
  <testcase classname="EndtoEnd.standalone" name="Myorders" time="5.764"/>
  <testcase classname="EndtoEnd.standalone" name="Myorders" time="5.708"/>
</testsuite> <!-- firstTest -->
