<?xml version="1.0" encoding="UTF-8"?>
<!-- Generated by org.testng.reporters.JUnitXMLReporter -->
<testsuite ignored="0" hostname="LAPTOP-UAN68A53" failures="0" tests="4" name="fourthTest" time="31.571" errors="0" timestamp="2022-11-18T13:08:24 PST">
  <testcase classname="EndtoEnd.standalonehashmap" name="Mainordersubmit" time="10.41"/>
  <testcase classname="EndtoEnd.standalonehashmap" name="Mainordersubmit" time="9.01"/>
  <testcase classname="EndtoEnd.standalonehashmap" name="Myorders" time="5.564"/>
  <testcase classname="EndtoEnd.standalonehashmap" name="Myorders" time="5.708"/>
</testsuite> <!-- fourthTest -->
