<?xml version="1.0" encoding="UTF-8"?>
<!-- Generated by org.testng.reporters.JUnitXMLReporter -->
<testsuite ignored="0" hostname="LAPTOP-UAN68A53" failures="0" tests="4" name="fourthTest" time="30.799" errors="0" timestamp="2022-09-06T18:24:15 PDT">
  <testcase classname="EndtoEnd.standalonejasondata" name="mainclass" time="10.042"/>
  <testcase classname="EndtoEnd.standalonejasondata" name="mainclass" time="8.652"/>
  <testcase classname="EndtoEnd.standalonejasondata" name="myorders" time="5.475"/>
  <testcase classname="EndtoEnd.standalonejasondata" name="myorders" time="5.616"/>
</testsuite> <!-- fourthTest -->
