<?xml version="1.0" encoding="UTF-8"?>
<!-- Generated by org.testng.reporters.JUnitXMLReporter -->
<testsuite ignored="0" hostname="LAPTOP-UAN68A53" failures="1" tests="2" name="secondTest" time="11.774" errors="0" timestamp="2022-11-14T18:41:50 PST">
  <testcase classname="EndtoEnd.ErrorValidation" name="Loginerrorvalidate" time="6.205">
    <skipped/>
  </testcase> <!-- Loginerrorvalidate -->
  <testcase classname="EndtoEnd.ErrorValidation" name="Loginerrorvalidate" time="4.783">
    <failure type="java.lang.AssertionError" message="expected [Incorrects email or password.] but found [Incorrect email or password.]">
      <![CDATA[java.lang.AssertionError: expected [Incorrects email or password.] but found [Incorrect email or password.]
at EndtoEnd.ErrorValidation.Loginerrorvalidate(ErrorValidation.java:21)
at java.base/java.util.ArrayList.forEach(ArrayList.java:1511)
at java.base/java.util.concurrent.FutureTask.run(FutureTask.java:264)
at java.base/java.util.concurrent.ThreadPoolExecutor.runWorker(ThreadPoolExecutor.java:1136)
at java.base/java.util.concurrent.ThreadPoolExecutor$Worker.run(ThreadPoolExecutor.java:635)
at java.base/java.lang.Thread.run(Thread.java:833)
... Removed 23 stack frames]]>
    </failure>
  </testcase> <!-- Loginerrorvalidate -->
</testsuite> <!-- secondTest -->
