<?xml version="1.0" encoding="UTF-8"?>
<!-- Generated by org.testng.reporters.JUnitXMLReporter -->
<testsuite ignored="0" hostname="LAPTOP-UAN68A53" failures="0" tests="4" name="thirdTest" time="33.098" errors="0" timestamp="2022-11-18T13:08:25 PST">
  <testcase classname="EndtoEnd.standalonejasondata" name="Mainordersubmit" time="11.538"/>
  <testcase classname="EndtoEnd.standalonejasondata" name="Mainordersubmit" time="9.49"/>
  <testcase classname="EndtoEnd.standalonejasondata" name="Myorders" time="5.794"/>
  <testcase classname="EndtoEnd.standalonejasondata" name="Myorders" time="5.227"/>
</testsuite> <!-- thirdTest -->
