<?xml version="1.0" encoding="UTF-8"?>
<!-- Generated by org.testng.reporters.JUnitXMLReporter -->
<testsuite ignored="0" hostname="LAPTOP-UAN68A53" failures="0" tests="4" name="firstTest" time="35.748" errors="0" timestamp="2022-11-02T23:20:05 PDT">
  <testcase classname="EndtoEnd.standalone" name="Mainordersubmit" time="11.072"/>
  <testcase classname="EndtoEnd.standalone" name="Mainordersubmit" time="8.918"/>
  <testcase classname="EndtoEnd.standalone" name="Myorders" time="6.204"/>
  <testcase classname="EndtoEnd.standalone" name="Myorders" time="6.201"/>
</testsuite> <!-- firstTest -->
